
 â›…ï¸ wrangler 4.43.0
â”€â”€â”€â”€â”€â”€â”€â”€â”€â”€â”€â”€â”€â”€â”€â”€â”€â”€â”€
[33mâ–² [43;33m[[43;30mWARNING[43;33m][0m [1mProcessing wrangler.toml configuration:[0m

    - Because you've defined a [site] configuration, we're defaulting to "workers-site" for the deprecated `site.entry-point`field.
      Add the top level `main` field to your configuration file:
      ```
      main = "workers-site/index.js"
      ```


âœ¨ Compiled Worker successfully
[33mâ–² [43;33m[[43;30mWARNING[43;33m][0m [1mProcessing wrangler.toml configuration:[0m

    - Because you've defined a [site] configuration, we're defaulting to "workers-site" for the deprecated `site.entry-point`field.
      Add the top level `main` field to your configuration file:
      ```
      main = "workers-site/index.js"
      ```


Your Worker has access to the following bindings:
Binding                                            Resource       Mode
env.R2_BUCKET (online-collaboration-platform)      R2 Bucket      local

â” Starting local server...
[wrangler:info] Ready on http://localhost:8789
